2024-09-12 14:33:41 [restartedMain] INFO  com.it.MicrofinanceApplication - Starting MicrofinanceApplication using Java 17.0.11 with PID 9148 (E:\PANKAJ\Microfinance\target\classes started by javas in E:\PANKAJ\Microfinance)
2024-09-12 14:33:41 [restartedMain] DEBUG com.it.MicrofinanceApplication - Running with Spring Boot v3.2.9-SNAPSHOT, Spring v6.1.12
2024-09-12 14:33:41 [restartedMain] INFO  com.it.MicrofinanceApplication - No active profile set, falling back to 1 default profile: "default"
2024-09-12 14:33:41 [restartedMain] INFO  o.s.b.d.e.DevToolsPropertyDefaultsPostProcessor - Devtools property defaults active! Set 'spring.devtools.add-properties' to 'false' to disable
2024-09-12 14:33:41 [restartedMain] INFO  o.s.b.d.e.DevToolsPropertyDefaultsPostProcessor - For additional web related logging consider setting the 'logging.level.web' property to 'DEBUG'
2024-09-12 14:33:42 [restartedMain] INFO  o.s.d.r.c.RepositoryConfigurationDelegate - Bootstrapping Spring Data JPA repositories in DEFAULT mode.
2024-09-12 14:33:42 [restartedMain] INFO  o.s.d.r.c.RepositoryConfigurationDelegate - Finished Spring Data repository scanning in 95 ms. Found 3 JPA repository interfaces.
2024-09-12 14:33:43 [restartedMain] INFO  o.s.b.w.e.tomcat.TomcatWebServer - Tomcat initialized with port 9090 (http)
2024-09-12 14:33:43 [restartedMain] INFO  o.a.coyote.http11.Http11NioProtocol - Initializing ProtocolHandler ["http-nio-9090"]
2024-09-12 14:33:43 [restartedMain] INFO  o.a.catalina.core.StandardService - Starting service [Tomcat]
2024-09-12 14:33:43 [restartedMain] INFO  o.a.catalina.core.StandardEngine - Starting Servlet engine: [Apache Tomcat/10.1.28]
2024-09-12 14:33:44 [restartedMain] INFO  o.apache.jasper.servlet.TldScanner - At least one JAR was scanned for TLDs yet contained no TLDs. Enable debug logging for this logger for a complete list of JARs that were scanned but no TLDs were found in them. Skipping unneeded JARs during scanning can improve startup time and JSP compilation time.
2024-09-12 14:33:44 [restartedMain] INFO  o.a.c.c.C.[Tomcat].[localhost].[/] - Initializing Spring embedded WebApplicationContext
2024-09-12 14:33:44 [restartedMain] INFO  o.s.b.w.s.c.ServletWebServerApplicationContext - Root WebApplicationContext: initialization completed in 3016 ms
2024-09-12 14:33:44 [restartedMain] INFO  o.h.jpa.internal.util.LogHelper - HHH000204: Processing PersistenceUnitInfo [name: default]
2024-09-12 14:33:45 [restartedMain] INFO  org.hibernate.Version - HHH000412: Hibernate ORM core version 6.4.10.Final
2024-09-12 14:33:45 [restartedMain] INFO  o.h.c.i.RegionFactoryInitiator - HHH000026: Second-level cache disabled
2024-09-12 14:33:45 [restartedMain] INFO  o.s.o.j.p.SpringPersistenceUnitInfo - No LoadTimeWeaver setup: ignoring JPA class transformer
2024-09-12 14:33:45 [restartedMain] INFO  com.zaxxer.hikari.HikariDataSource - HikariPool-1 - Starting...
2024-09-12 14:33:46 [restartedMain] INFO  com.zaxxer.hikari.pool.HikariPool - HikariPool-1 - Added connection com.mysql.cj.jdbc.ConnectionImpl@3d9da4b6
2024-09-12 14:33:46 [restartedMain] INFO  com.zaxxer.hikari.HikariDataSource - HikariPool-1 - Start completed.
2024-09-12 14:33:48 [restartedMain] INFO  o.h.e.t.j.p.i.JtaPlatformInitiator - HHH000489: No JTA platform available (set 'hibernate.transaction.jta.platform' to enable JTA platform integration)
2024-09-12 14:33:48 [restartedMain] INFO  o.s.o.j.LocalContainerEntityManagerFactoryBean - Initialized JPA EntityManagerFactory for persistence unit 'default'
2024-09-12 14:33:48 [restartedMain] INFO  o.s.d.j.r.query.QueryEnhancerFactory - Hibernate is in classpath; If applicable, HQL parser will be used.
2024-09-12 14:33:49 [restartedMain] WARN  o.s.b.a.o.j.JpaBaseConfiguration$JpaWebConfiguration - spring.jpa.open-in-view is enabled by default. Therefore, database queries may be performed during view rendering. Explicitly configure spring.jpa.open-in-view to disable this warning
2024-09-12 14:33:49 [restartedMain] INFO  o.s.b.a.w.s.WelcomePageHandlerMapping - Adding welcome page template: index
2024-09-12 14:33:49 [restartedMain] INFO  o.s.b.d.a.OptionalLiveReloadServer - LiveReload server is running on port 35729
2024-09-12 14:33:49 [restartedMain] INFO  o.a.coyote.http11.Http11NioProtocol - Starting ProtocolHandler ["http-nio-9090"]
2024-09-12 14:33:49 [restartedMain] INFO  o.s.b.w.e.tomcat.TomcatWebServer - Tomcat started on port 9090 (http) with context path ''
2024-09-12 14:33:49 [restartedMain] INFO  com.it.MicrofinanceApplication - Started MicrofinanceApplication in 9.111 seconds (process running for 10.738)
2024-09-12 14:34:52 [http-nio-9090-exec-1] INFO  o.a.c.c.C.[Tomcat].[localhost].[/] - Initializing Spring DispatcherServlet 'dispatcherServlet'
2024-09-12 14:34:52 [http-nio-9090-exec-1] INFO  o.s.web.servlet.DispatcherServlet - Initializing Servlet 'dispatcherServlet'
2024-09-12 14:34:52 [http-nio-9090-exec-1] INFO  o.s.web.servlet.DispatcherServlet - Completed initialization in 3 ms
2024-09-12 14:34:52 [http-nio-9090-exec-1] INFO  c.it.controller.CustomerController - login page
2024-09-12 14:34:57 [http-nio-9090-exec-3] INFO  c.it.controller.CustomerController - Login process started
2024-09-12 14:34:57 [http-nio-9090-exec-3] DEBUG c.it.controller.CustomerController - password :: 3b5a9855e844c35ba5322b0eb19e7131923a9c67
2024-09-12 14:34:58 [http-nio-9090-exec-3] INFO  c.it.controller.CustomerController - login in system
2024-09-12 14:49:49 [RMI TCP Connection(19)-127.0.0.1] INFO  o.s.b.a.SpringApplicationAdminMXBeanRegistrar$SpringApplicationAdmin - Application shutdown requested.
2024-09-12 14:49:49 [RMI TCP Connection(19)-127.0.0.1] INFO  o.a.coyote.http11.Http11NioProtocol - Stopping ProtocolHandler ["http-nio-9090"]
2024-09-12 14:49:49 [RMI TCP Connection(19)-127.0.0.1] INFO  o.s.o.j.LocalContainerEntityManagerFactoryBean - Closing JPA EntityManagerFactory for persistence unit 'default'
2024-09-12 14:49:49 [RMI TCP Connection(19)-127.0.0.1] INFO  com.zaxxer.hikari.HikariDataSource - HikariPool-1 - Shutdown initiated...
2024-09-12 14:49:49 [RMI TCP Connection(19)-127.0.0.1] INFO  com.zaxxer.hikari.HikariDataSource - HikariPool-1 - Shutdown completed.
2024-09-12 15:19:20 [restartedMain] INFO  com.it.MicrofinanceApplication - Starting MicrofinanceApplication using Java 17.0.11 with PID 23464 (E:\PANKAJ\Microfinance\target\classes started by javas in E:\PANKAJ\Microfinance)
2024-09-12 15:19:20 [restartedMain] DEBUG com.it.MicrofinanceApplication - Running with Spring Boot v3.2.9-SNAPSHOT, Spring v6.1.12
2024-09-12 15:19:20 [restartedMain] INFO  com.it.MicrofinanceApplication - No active profile set, falling back to 1 default profile: "default"
2024-09-12 15:19:20 [restartedMain] INFO  o.s.b.d.e.DevToolsPropertyDefaultsPostProcessor - Devtools property defaults active! Set 'spring.devtools.add-properties' to 'false' to disable
2024-09-12 15:19:20 [restartedMain] INFO  o.s.b.d.e.DevToolsPropertyDefaultsPostProcessor - For additional web related logging consider setting the 'logging.level.web' property to 'DEBUG'
2024-09-12 15:19:20 [restartedMain] INFO  o.s.d.r.c.RepositoryConfigurationDelegate - Bootstrapping Spring Data JPA repositories in DEFAULT mode.
2024-09-12 15:19:20 [restartedMain] INFO  o.s.d.r.c.RepositoryConfigurationDelegate - Finished Spring Data repository scanning in 73 ms. Found 3 JPA repository interfaces.
2024-09-12 15:19:21 [restartedMain] INFO  o.s.b.w.e.tomcat.TomcatWebServer - Tomcat initialized with port 9090 (http)
2024-09-12 15:19:21 [restartedMain] INFO  o.a.coyote.http11.Http11NioProtocol - Initializing ProtocolHandler ["http-nio-9090"]
2024-09-12 15:19:21 [restartedMain] INFO  o.a.catalina.core.StandardService - Starting service [Tomcat]
2024-09-12 15:19:21 [restartedMain] INFO  o.a.catalina.core.StandardEngine - Starting Servlet engine: [Apache Tomcat/10.1.28]
2024-09-12 15:19:21 [restartedMain] INFO  o.apache.jasper.servlet.TldScanner - At least one JAR was scanned for TLDs yet contained no TLDs. Enable debug logging for this logger for a complete list of JARs that were scanned but no TLDs were found in them. Skipping unneeded JARs during scanning can improve startup time and JSP compilation time.
2024-09-12 15:19:21 [restartedMain] INFO  o.a.c.c.C.[Tomcat].[localhost].[/] - Initializing Spring embedded WebApplicationContext
2024-09-12 15:19:21 [restartedMain] INFO  o.s.b.w.s.c.ServletWebServerApplicationContext - Root WebApplicationContext: initialization completed in 1517 ms
2024-09-12 15:19:21 [restartedMain] INFO  o.h.jpa.internal.util.LogHelper - HHH000204: Processing PersistenceUnitInfo [name: default]
2024-09-12 15:19:22 [restartedMain] INFO  org.hibernate.Version - HHH000412: Hibernate ORM core version 6.4.10.Final
2024-09-12 15:19:22 [restartedMain] INFO  o.h.c.i.RegionFactoryInitiator - HHH000026: Second-level cache disabled
2024-09-12 15:19:22 [restartedMain] INFO  o.s.o.j.p.SpringPersistenceUnitInfo - No LoadTimeWeaver setup: ignoring JPA class transformer
2024-09-12 15:19:22 [restartedMain] INFO  com.zaxxer.hikari.HikariDataSource - HikariPool-1 - Starting...
2024-09-12 15:19:22 [restartedMain] INFO  com.zaxxer.hikari.pool.HikariPool - HikariPool-1 - Added connection com.mysql.cj.jdbc.ConnectionImpl@5a843b28
2024-09-12 15:19:22 [restartedMain] INFO  com.zaxxer.hikari.HikariDataSource - HikariPool-1 - Start completed.
2024-09-12 15:19:23 [restartedMain] INFO  o.h.e.t.j.p.i.JtaPlatformInitiator - HHH000489: No JTA platform available (set 'hibernate.transaction.jta.platform' to enable JTA platform integration)
2024-09-12 15:19:23 [restartedMain] INFO  o.s.o.j.LocalContainerEntityManagerFactoryBean - Initialized JPA EntityManagerFactory for persistence unit 'default'
2024-09-12 15:19:23 [restartedMain] INFO  o.s.d.j.r.query.QueryEnhancerFactory - Hibernate is in classpath; If applicable, HQL parser will be used.
2024-09-12 15:19:23 [restartedMain] WARN  o.s.b.a.o.j.JpaBaseConfiguration$JpaWebConfiguration - spring.jpa.open-in-view is enabled by default. Therefore, database queries may be performed during view rendering. Explicitly configure spring.jpa.open-in-view to disable this warning
2024-09-12 15:19:23 [restartedMain] INFO  o.s.b.a.w.s.WelcomePageHandlerMapping - Adding welcome page template: index
2024-09-12 15:19:24 [restartedMain] INFO  o.s.b.d.a.OptionalLiveReloadServer - LiveReload server is running on port 35729
2024-09-12 15:19:24 [restartedMain] INFO  o.a.coyote.http11.Http11NioProtocol - Starting ProtocolHandler ["http-nio-9090"]
2024-09-12 15:19:24 [restartedMain] INFO  o.s.b.w.e.tomcat.TomcatWebServer - Tomcat started on port 9090 (http) with context path ''
2024-09-12 15:19:24 [restartedMain] INFO  com.it.MicrofinanceApplication - Started MicrofinanceApplication in 4.409 seconds (process running for 5.402)
2024-09-12 15:20:02 [http-nio-9090-exec-1] INFO  o.a.c.c.C.[Tomcat].[localhost].[/] - Initializing Spring DispatcherServlet 'dispatcherServlet'
2024-09-12 15:20:02 [http-nio-9090-exec-1] INFO  o.s.web.servlet.DispatcherServlet - Initializing Servlet 'dispatcherServlet'
2024-09-12 15:20:02 [http-nio-9090-exec-1] INFO  o.s.web.servlet.DispatcherServlet - Completed initialization in 0 ms
2024-09-12 15:20:02 [http-nio-9090-exec-1] INFO  c.it.controller.CustomerController - login page
2024-09-12 15:20:05 [http-nio-9090-exec-2] INFO  c.it.controller.CustomerController - Login process started
2024-09-12 15:20:05 [http-nio-9090-exec-2] DEBUG c.it.controller.CustomerController - password :: 3b5a9855e844c35ba5322b0eb19e7131923a9c67
2024-09-12 15:20:05 [http-nio-9090-exec-2] INFO  c.it.controller.CustomerController - login in system
2024-09-12 15:27:19 [HikariPool-1 housekeeper] WARN  com.zaxxer.hikari.pool.HikariPool - HikariPool-1 - Thread starvation or clock leap detected (housekeeper delta=1m26s422ms368µs300ns).
2024-09-12 16:22:21 [http-nio-9090-exec-4] INFO  c.it.controller.CustomerController - Login process started
2024-09-12 16:22:21 [http-nio-9090-exec-4] DEBUG c.it.controller.CustomerController - password :: 3b5a9855e844c35ba5322b0eb19e7131923a9c67
2024-09-12 16:22:22 [http-nio-9090-exec-4] INFO  c.it.controller.CustomerController - login in system
2024-09-12 17:07:07 [RMI TCP Connection(111)-127.0.0.1] INFO  o.s.b.a.SpringApplicationAdminMXBeanRegistrar$SpringApplicationAdmin - Application shutdown requested.
2024-09-12 17:07:07 [RMI TCP Connection(111)-127.0.0.1] INFO  o.a.coyote.http11.Http11NioProtocol - Stopping ProtocolHandler ["http-nio-9090"]
2024-09-12 17:07:07 [RMI TCP Connection(111)-127.0.0.1] INFO  o.s.o.j.LocalContainerEntityManagerFactoryBean - Closing JPA EntityManagerFactory for persistence unit 'default'
2024-09-12 17:07:07 [RMI TCP Connection(111)-127.0.0.1] INFO  com.zaxxer.hikari.HikariDataSource - HikariPool-1 - Shutdown initiated...
2024-09-12 17:07:07 [RMI TCP Connection(111)-127.0.0.1] INFO  com.zaxxer.hikari.HikariDataSource - HikariPool-1 - Shutdown completed.
